Replace Part C19 Cap Pol3 in C:\Users\ivaduqcam\Documents\Repos\magicGlove\magicGlovePCB\magicGlovePCB\Sensores.SchDoc with Cap Pol3 from Miscellaneous Devices.IntLib
Replace Part C20 Cap Pol3 in C:\Users\ivaduqcam\Documents\Repos\magicGlove\magicGlovePCB\magicGlovePCB\Sensores.SchDoc with Cap Pol3 from Miscellaneous Devices.IntLib
Replace Part C21 Cap Pol3 in C:\Users\ivaduqcam\Documents\Repos\magicGlove\magicGlovePCB\magicGlovePCB\Sensores.SchDoc with Cap Pol3 from Miscellaneous Devices.IntLib
Replace Part C22 Cap Pol3 in C:\Users\ivaduqcam\Documents\Repos\magicGlove\magicGlovePCB\magicGlovePCB\Sensores.SchDoc with Cap Pol3 from Miscellaneous Devices.IntLib
Replace Part C23 Cap Pol3 in C:\Users\ivaduqcam\Documents\Repos\magicGlove\magicGlovePCB\magicGlovePCB\Sensores.SchDoc with Cap Pol3 from Miscellaneous Devices.IntLib
Replace Part C24 Cap Pol3 in C:\Users\ivaduqcam\Documents\Repos\magicGlove\magicGlovePCB\magicGlovePCB\Sensores.SchDoc with Cap Pol3 from Miscellaneous Devices.IntLib
Replace Part C25 Cap Pol3 in C:\Users\ivaduqcam\Documents\Repos\magicGlove\magicGlovePCB\magicGlovePCB\Sensores.SchDoc with Cap Pol3 from Miscellaneous Devices.IntLib
Replace Part C26 Cap Pol3 in C:\Users\ivaduqcam\Documents\Repos\magicGlove\magicGlovePCB\magicGlovePCB\Sensores.SchDoc with Cap Pol3 from Miscellaneous Devices.IntLib
Replace Part C27 Cap Pol3 in C:\Users\ivaduqcam\Documents\Repos\magicGlove\magicGlovePCB\magicGlovePCB\Sensores.SchDoc with Cap Pol3 from Miscellaneous Devices.IntLib
Replace Part C28 Cap Pol3 in C:\Users\ivaduqcam\Documents\Repos\magicGlove\magicGlovePCB\magicGlovePCB\Sensores.SchDoc with Cap Pol3 from Miscellaneous Devices.IntLib
Replace Part Q1 MOSFET-P in C:\Users\ivaduqcam\Documents\Repos\magicGlove\magicGlovePCB\magicGlovePCB\Sensores.SchDoc with MOSFET-P from Miscellaneous Devices.IntLib
Replace Part R5 Res3 in C:\Users\ivaduqcam\Documents\Repos\magicGlove\magicGlovePCB\magicGlovePCB\Sensores.SchDoc with Res3 from Miscellaneous Devices.IntLib
Replace Part R6 Res3 in C:\Users\ivaduqcam\Documents\Repos\magicGlove\magicGlovePCB\magicGlovePCB\Sensores.SchDoc with Res3 from Miscellaneous Devices.IntLib
Replace Part R7 Res3 in C:\Users\ivaduqcam\Documents\Repos\magicGlove\magicGlovePCB\magicGlovePCB\Sensores.SchDoc with Res3 from Miscellaneous Devices.IntLib
Replace Part R8 Res3 in C:\Users\ivaduqcam\Documents\Repos\magicGlove\magicGlovePCB\magicGlovePCB\Sensores.SchDoc with Res3 from Miscellaneous Devices.IntLib
Replace Part S1 BMP280 in C:\Users\ivaduqcam\Documents\Repos\magicGlove\magicGlovePCB\magicGlovePCB\Sensores.SchDoc with BMP280 from Schematics.SchLib
Replace Part S2 BMX055 in C:\Users\ivaduqcam\Documents\Repos\magicGlove\magicGlovePCB\magicGlovePCB\Sensores.SchDoc with BMX055 from Schematics.SchLib
Replace Part S3 LSM6DSMTR in C:\Users\ivaduqcam\Documents\Repos\magicGlove\magicGlovePCB\magicGlovePCB\Sensores.SchDoc with LSM6DSMTR from Schematics.SchLib
Replace Part U5 VCNL4100 in C:\Users\ivaduqcam\Documents\Repos\magicGlove\magicGlovePCB\magicGlovePCB\Sensores.SchDoc with VCNL4100 from Schematics.SchLib
Replace Part U6 MAX30100EFD+ in C:\Users\ivaduqcam\Documents\Repos\magicGlove\magicGlovePCB\magicGlovePCB\Sensores.SchDoc with MAX30100EFD+ from Schematics.SchLib
