Replace Part C29 Cap Semi in C:\Users\ivaduqcam\Documents\Repos\magicGlove\magicGlovePCB\magicGlovePCB\uProcesador.SchDoc with Cap Semi from Miscellaneous Devices.IntLib
Replace Part C30 Cap Semi in C:\Users\ivaduqcam\Documents\Repos\magicGlove\magicGlovePCB\magicGlovePCB\uProcesador.SchDoc with Cap Semi from Miscellaneous Devices.IntLib
Replace Part C31 Cap Semi in C:\Users\ivaduqcam\Documents\Repos\magicGlove\magicGlovePCB\magicGlovePCB\uProcesador.SchDoc with Cap Semi from Miscellaneous Devices.IntLib
Replace Part C32 Cap Semi in C:\Users\ivaduqcam\Documents\Repos\magicGlove\magicGlovePCB\magicGlovePCB\uProcesador.SchDoc with Cap Semi from Miscellaneous Devices.IntLib
Replace Part C33 Cap Semi in C:\Users\ivaduqcam\Documents\Repos\magicGlove\magicGlovePCB\magicGlovePCB\uProcesador.SchDoc with Cap Semi from Miscellaneous Devices.IntLib
Replace Part C34 Cap Semi in C:\Users\ivaduqcam\Documents\Repos\magicGlove\magicGlovePCB\magicGlovePCB\uProcesador.SchDoc with Cap Semi from Miscellaneous Devices.IntLib
Replace Part C35 Cap Pol in C:\Users\ivaduqcam\Documents\Repos\magicGlove\magicGlovePCB\magicGlovePCB\uProcesador.SchDoc with Cap Pol from Schematics.SchLib
Replace Part C36 Cap Pol in C:\Users\ivaduqcam\Documents\Repos\magicGlove\magicGlovePCB\magicGlovePCB\uProcesador.SchDoc with Cap Pol from Schematics.SchLib
Replace Part C37 Cap Semi in C:\Users\ivaduqcam\Documents\Repos\magicGlove\magicGlovePCB\magicGlovePCB\uProcesador.SchDoc with Cap Semi from Miscellaneous Devices.IntLib
Replace Part C38 Cap Semi in C:\Users\ivaduqcam\Documents\Repos\magicGlove\magicGlovePCB\magicGlovePCB\uProcesador.SchDoc with Cap Semi from Miscellaneous Devices.IntLib
Replace Part D1 LED2 in C:\Users\ivaduqcam\Documents\Repos\magicGlove\magicGlovePCB\magicGlovePCB\uProcesador.SchDoc with LED2 from Miscellaneous Devices.IntLib
Replace Part D2 LED2 in C:\Users\ivaduqcam\Documents\Repos\magicGlove\magicGlovePCB\magicGlovePCB\uProcesador.SchDoc with LED2 from Miscellaneous Devices.IntLib
Replace Part P3 Header 3 in C:\Users\ivaduqcam\Documents\Repos\magicGlove\magicGlovePCB\magicGlovePCB\uProcesador.SchDoc with Header 3 from Miscellaneous Connectors.IntLib
Replace Part P4 Header 4 in C:\Users\ivaduqcam\Documents\Repos\magicGlove\magicGlovePCB\magicGlovePCB\uProcesador.SchDoc with Header 4 from Miscellaneous Connectors.IntLib
Replace Part P5 Header 8X2 in C:\Users\ivaduqcam\Documents\Repos\magicGlove\magicGlovePCB\magicGlovePCB\uProcesador.SchDoc with Header 8X2 from Miscellaneous Connectors.IntLib
Replace Part P6 Header 8X2 in C:\Users\ivaduqcam\Documents\Repos\magicGlove\magicGlovePCB\magicGlovePCB\uProcesador.SchDoc with Header 8X2 from Miscellaneous Connectors.IntLib
Replace Part R9 Res3 in C:\Users\ivaduqcam\Documents\Repos\magicGlove\magicGlovePCB\magicGlovePCB\uProcesador.SchDoc with Res3 from Miscellaneous Devices.IntLib
Replace Part R10 Res3 in C:\Users\ivaduqcam\Documents\Repos\magicGlove\magicGlovePCB\magicGlovePCB\uProcesador.SchDoc with Res3 from Miscellaneous Devices.IntLib
Replace Part R11 Res3 in C:\Users\ivaduqcam\Documents\Repos\magicGlove\magicGlovePCB\magicGlovePCB\uProcesador.SchDoc with Res3 from Miscellaneous Devices.IntLib
Replace Part R12 Res3 in C:\Users\ivaduqcam\Documents\Repos\magicGlove\magicGlovePCB\magicGlovePCB\uProcesador.SchDoc with Res3 from Miscellaneous Devices.IntLib
Replace Part SW1 CKN9085CT in C:\Users\ivaduqcam\Documents\Repos\magicGlove\magicGlovePCB\magicGlovePCB\uProcesador.SchDoc with CKN9085CT from Schematics.SchLib
Replace Part SW2 CKN9085CT in C:\Users\ivaduqcam\Documents\Repos\magicGlove\magicGlovePCB\magicGlovePCB\uProcesador.SchDoc with CKN9085CT from Schematics.SchLib
Replace Part U7 MSP430F5529IPN in C:\Users\ivaduqcam\Documents\Repos\magicGlove\magicGlovePCB\magicGlovePCB\uProcesador.SchDoc with MSP430F5529IPN from Schematics.SchLib
